
> terbia@0.1.0 build
> prisma generate && next build

Environment variables loaded from .env
Prisma schema loaded from prisma\schema.prisma

✔ Generated Prisma Client (v6.19.2) to .\node_modules\@prisma\client in 297ms

Start by importing your Prisma Client (See: https://pris.ly/d/importing-client)

Tip: Interested in query caching in just a few lines of code? Try Accelerate today! https://pris.ly/tip-3-accelerate

 ⚠ Warning: Next.js inferred your workspace root, but it may not be correct.
 We detected multiple lockfiles and selected the directory of C:\Users\Fuad\package-lock.json as the root directory.
 To silence this warning, set `outputFileTracingRoot` in your Next.js config, or consider removing one of the lockfiles if it's not needed.
   See https://nextjs.org/docs/app/api-reference/config/next-config-js/output#caveats for more information.
 Detected additional lockfiles: 
   * C:\Users\Fuad\Documents\pro\tarbia\package-lock.json

   ▲ Next.js 15.5.12
   - Environments: .env
   - Experiments (use with caution):
     · serverActions

   Creating an optimized production build ...
Failed to compile.

./actions/admin/analysis.ts
Error:   [31mx[0m Server Actions must be async functions.

      ,-[[36;1;4mC:\Users\Fuad\Documents\pro\tarbia\actions\admin\analysis.ts[0m:1046:1]
 [2m1043[0m |     },
 [2m1044[0m |   };
 [2m1045[0m | }
 [2m1046[0m | export function formatLastSeen(lastSeenDate: Date | null | undefined): string {
      : [35;1m                ^^^^^^^^^^^^^^[0m
 [2m1047[0m |   if (!lastSeenDate) return "not login";
 [2m1048[0m | 
 [2m1049[0m |   const daysAgo = differenceInDays(
      `----

Import trace for requested module:
./actions/admin/analysis.ts
./app/[lang]/(user)/(dashboard)/admin/analytics/viewAll/page.tsx

./actions/admin/analysis.ts
Error:   [31mx[0m Server Actions must be async functions.

      ,-[[36;1;4mC:\Users\Fuad\Documents\pro\tarbia\actions\admin\analysis.ts[0m:1046:1]
 [2m1043[0m |     },
 [2m1044[0m |   };
 [2m1045[0m | }
 [2m1046[0m | export function formatLastSeen(lastSeenDate: Date | null | undefined): string {
      : [35;1m                ^^^^^^^^^^^^^^[0m
 [2m1047[0m |   if (!lastSeenDate) return "not login";
 [2m1048[0m | 
 [2m1049[0m |   const daysAgo = differenceInDays(
      `----

Import trace for requested module:
./actions/admin/analysis.ts
./actions/student/profile.ts

./actions/admin/analysis.ts
Error:   [31mx[0m Server Actions must be async functions.

      ,-[[36;1;4mC:\Users\Fuad\Documents\pro\tarbia\actions\admin\analysis.ts[0m:1046:1]
 [2m1043[0m |     },
 [2m1044[0m |   };
 [2m1045[0m | }
 [2m1046[0m | export function formatLastSeen(lastSeenDate: Date | null | undefined): string {
      : [35;1m                ^^^^^^^^^^^^^^[0m
 [2m1047[0m |   if (!lastSeenDate) return "not login";
 [2m1048[0m | 
 [2m1049[0m |   const daysAgo = differenceInDays(
      `----

Import trace for requested module:
./actions/admin/analysis.ts
./app/[lang]/(user)/(dashboard)/admin/analytics/page.tsx


> Build failed because of webpack errors
